[22:25:38] [main/INFO]: Loading tweak class name org.tlauncher.tweaker.Tweaker
[22:25:38] [main/INFO]: Using primary tweak class name org.tlauncher.tweaker.Tweaker
[22:25:38] [main/WARN]: Tweak class name org.tlauncher.tweaker.Tweaker has already been visited -- skipping
[22:25:38] [main/INFO]: Calling tweak class org.tlauncher.tweaker.Tweaker
[22:25:38] [main/INFO]: Launching wrapped minecraft {org.tlauncher.MainNew}
[22:25:39] [main/INFO]: Setting user: testamentor
[22:25:42] [main/INFO]: Backend library: LWJGL version 3.2.2 build 10
[22:25:44] [main/INFO]: Narrator library for x86 successfully loaded
[22:25:44] [main/INFO]: Reloading ResourceManager: Default
[22:25:44] [main/INFO]: [STDOUT]: [Connector] trying to start...
[22:25:44] [main/INFO]: [STDOUT]: [Connector] no server info
[22:25:44] [main/INFO]: [STDOUT]: [Connector] end
[22:25:46] [Realms Notification Availability checker #1/INFO]: Could not authorize you against Realms server: Invalid session id
[22:26:05] [main/INFO]: OpenAL initialized.
[22:26:05] [main/INFO]: Sound engine started
[22:26:05] [main/INFO]: Created: 1024x1024x4 minecraft:textures/atlas/blocks.png-atlas
[22:26:05] [main/INFO]: Created: 256x128x4 minecraft:textures/atlas/signs.png-atlas
[22:26:05] [main/INFO]: Created: 1024x512x4 minecraft:textures/atlas/banner_patterns.png-atlas
[22:26:05] [main/INFO]: Created: 1024x512x4 minecraft:textures/atlas/shield_patterns.png-atlas
[22:26:05] [main/INFO]: Created: 256x256x4 minecraft:textures/atlas/chest.png-atlas
[22:26:05] [main/INFO]: Created: 512x256x4 minecraft:textures/atlas/beds.png-atlas
[22:26:05] [main/INFO]: Created: 512x256x4 minecraft:textures/atlas/shulker_boxes.png-atlas
[22:26:06] [main/INFO]: Created: 256x256x0 minecraft:textures/atlas/particles.png-atlas
[22:26:06] [main/INFO]: Created: 256x256x0 minecraft:textures/atlas/paintings.png-atlas
[22:26:06] [main/INFO]: Created: 256x128x0 minecraft:textures/atlas/mob_effects.png-atlas
[22:26:12] [main/INFO]: Stopping!
